
 **************************************************************************
 *                        TM-align (Version 20190822)                     *
 * An algorithm for protein structure alignment and comparison            *
 * Based on statistics:                                                   *
 *       0.0 < TM-score < 0.30, random structural similarity              *
 *       0.5 < TM-score < 1.00, in about the same fold                    *
 * Reference: Y Zhang and J Skolnick, Nucl Acids Res 33, 2302-9 (2005)    *
 * Please email your comments and suggestions to: zhng@umich.edu          *
 **************************************************************************

Name of Chain_1: ./pdbPF00018/1hsq.pdb                             
Name of Chain_2: ./pdbPF00018/1csk.pdb                             
Length of Chain_1:   71 residues
Length of Chain_2:   58 residues

Aligned length=   55, RMSD=   2.08, Seq_ID=n_identical/n_aligned= 0.218
TM-score= 0.60680 (if normalized by length of Chain_1)
TM-score= 0.70711 (if normalized by length of Chain_2)
TM-score= 0.65355 (if normalized by average length of chains =  64.5)
(You should use TM-score normalized by length of the reference protein)

(":" denotes aligned residue pairs of d < 5.0 A, "." denotes other aligned residues)
GSPTFKCAVKALFDYKAQ-REDELTFIKSAIIQNVEKQ-EGGWWRGDY-GGKKQLWFPSNYVEEMVNPEGIHRD
     ::::::::::::  .:::::::::::::::::: ::::::::: :::: :::::::::::         
-----GTECIAKYNFHG-TAEQDLPFCKGDVLTIVAVTKDPNWYKAKNKVGRE-GIIPANYVQKR---------

