
 **************************************************************************
 *                        TM-align (Version 20190822)                     *
 * An algorithm for protein structure alignment and comparison            *
 * Based on statistics:                                                   *
 *       0.0 < TM-score < 0.30, random structural similarity              *
 *       0.5 < TM-score < 1.00, in about the same fold                    *
 * Reference: Y Zhang and J Skolnick, Nucl Acids Res 33, 2302-9 (2005)    *
 * Please email your comments and suggestions to: zhng@umich.edu          *
 **************************************************************************

Name of Chain_1: ./pdbPF00018/1wxb.pdb                             
Name of Chain_2: ./pdbPF00018/3reb.pdb                             
Length of Chain_1:   68 residues
Length of Chain_2:  106 residues

Aligned length=   40, RMSD=   3.67, Seq_ID=n_identical/n_aligned= 0.025
TM-score= 0.32554 (if normalized by length of Chain_1)
TM-score= 0.24477 (if normalized by length of Chain_2)
TM-score= 0.28004 (if normalized by average length of chains =  87.0)
(You should use TM-score normalized by length of the reference protein)

(":" denotes aligned residue pairs of d < 5.0 A, "." denotes other aligned residues)
---------------------------------GSSGSS--------------------GKYVKILYDFTARNANELSVLKDE--VLEVLEDGRQWWKLRSRS----GQAGYV-PC-NILG-E-ASGPSSG---
                                 .:.                       .::.                      :::::.::: .:::::::    :::::: :: :::: : ::.       
VRPQVPLRPMTYKAALDISHFLKEKGGLEGLIWSQR---RQEILDLWIYHTQGYFPDWQNYTP--------------------GPGIRYPLTFG-WCFKLVPVEPEVLVWRFDSKLAFHHMARELHP----EYY

