
 **************************************************************************
 *                        TM-align (Version 20190822)                     *
 * An algorithm for protein structure alignment and comparison            *
 * Based on statistics:                                                   *
 *       0.0 < TM-score < 0.30, random structural similarity              *
 *       0.5 < TM-score < 1.00, in about the same fold                    *
 * Reference: Y Zhang and J Skolnick, Nucl Acids Res 33, 2302-9 (2005)    *
 * Please email your comments and suggestions to: zhng@umich.edu          *
 **************************************************************************

Name of Chain_1: ./pdbPF00018/2eyw.pdb                             
Name of Chain_2: ./pdbPF00018/6ipz.pdb                             
Length of Chain_1:   78 residues
Length of Chain_2:   63 residues

Aligned length=   48, RMSD=   3.63, Seq_ID=n_identical/n_aligned= 0.188
TM-score= 0.36490 (if normalized by length of Chain_1)
TM-score= 0.41390 (if normalized by length of Chain_2)
TM-score= 0.38826 (if normalized by average length of chains =  70.5)
(You should use TM-score normalized by length of the reference protein)

(":" denotes aligned residue pairs of d < 5.0 A, "." denotes other aligned residues)
GAMGSGVILRQEEAE-----YVRALFDFNGNDEEDLPFKKGDILRIRDKPEE--------Q-WWNAEDSEGK-RGMIPVPYVEKYRPASASVS
                    .::::::::::::::::::::.     ::. :        . :::...     ::::::::::::.:.     
---------------STGVTLFVALYDYEAWTEDDLSFHKGE-----KFQ-ILNSSEGDWWEARSLTT----GETGYIPSNYVAPVDS-----

