
 **************************************************************************
 *                        TM-align (Version 20190822)                     *
 * An algorithm for protein structure alignment and comparison            *
 * Based on statistics:                                                   *
 *       0.0 < TM-score < 0.30, random structural similarity              *
 *       0.5 < TM-score < 1.00, in about the same fold                    *
 * Reference: Y Zhang and J Skolnick, Nucl Acids Res 33, 2302-9 (2005)    *
 * Please email your comments and suggestions to: zhng@umich.edu          *
 **************************************************************************

Name of Chain_1: ./pdbPF00018/2fry.pdb                             
Name of Chain_2: ./pdbPF00018/1k4u.pdb                             
Length of Chain_1:   61 residues
Length of Chain_2:   62 residues

Aligned length=   56, RMSD=   2.39, Seq_ID=n_identical/n_aligned= 0.286
TM-score= 0.60368 (if normalized by length of Chain_1)
TM-score= 0.59770 (if normalized by length of Chain_2)
TM-score= 0.60068 (if normalized by average length of chains =  61.5)
(You should use TM-score normalized by length of the reference protein)

(":" denotes aligned residue pairs of d < 5.0 A, "." denotes other aligned residues)
G---S-HVVQTLYPFSSVTEEELNFEKGETMEVIEKPENDPE-WWKCKNARGQVGLVPKNYVVV-LS
    . :::::::::::..:::::::::::::::::   ::: ::::::: ::::::::::::: ::
-QLKKGSQVEALFSYEATQPEDLEFQEGDIILVLSK---VNEEWLEGESK-GKVGIFPKVFVEDSAT

