
 **************************************************************************
 *                        TM-align (Version 20190822)                     *
 * An algorithm for protein structure alignment and comparison            *
 * Based on statistics:                                                   *
 *       0.0 < TM-score < 0.30, random structural similarity              *
 *       0.5 < TM-score < 1.00, in about the same fold                    *
 * Reference: Y Zhang and J Skolnick, Nucl Acids Res 33, 2302-9 (2005)    *
 * Please email your comments and suggestions to: zhng@umich.edu          *
 **************************************************************************

Name of Chain_1: ./pdbPF00018/2lmj.pdb                             
Name of Chain_2: ./pdbPF00018/2j05.pdb                             
Length of Chain_1:   66 residues
Length of Chain_2:   61 residues

Aligned length=   58, RMSD=   2.20, Seq_ID=n_identical/n_aligned= 0.155
TM-score= 0.67751 (if normalized by length of Chain_1)
TM-score= 0.71953 (if normalized by length of Chain_2)
TM-score= 0.69795 (if normalized by average length of chains =  63.5)
(You should use TM-score normalized by length of the reference protein)

(":" denotes aligned residue pairs of d < 5.0 A, "." denotes other aligned residues)
GPLGSP-EETVVIALYDYQTND-PQELALRRNEEYCLLDSSEIHWWRVQDR-NGHEGYVPSSYLVEKSP
       .:::::::::::::: :::::::::: ::::::::::: ::::: ::::::::::::::::.
------SHRRRVRAILPYTKVPDTDEISFLKGD-FIVHNELEDGW-WVTNLRTDEQGLIVEDLVEEVGR

