
 **************************************************************************
 *                        TM-align (Version 20190822)                     *
 * An algorithm for protein structure alignment and comparison            *
 * Based on statistics:                                                   *
 *       0.0 < TM-score < 0.30, random structural similarity              *
 *       0.5 < TM-score < 1.00, in about the same fold                    *
 * Reference: Y Zhang and J Skolnick, Nucl Acids Res 33, 2302-9 (2005)    *
 * Please email your comments and suggestions to: zhng@umich.edu          *
 **************************************************************************

Name of Chain_1: ./pdbPF00018/3rea.pdb                             
Name of Chain_2: ./pdbPF00018/2epd.pdb                             
Length of Chain_1:  127 residues
Length of Chain_2:   76 residues

Aligned length=   48, RMSD=   4.57, Seq_ID=n_identical/n_aligned= 0.042
TM-score= 0.21647 (if normalized by length of Chain_1)
TM-score= 0.29046 (if normalized by length of Chain_2)
TM-score= 0.24862 (if normalized by average length of chains = 101.5)
(You should use TM-score normalized by length of the reference protein)

(":" denotes aligned residue pairs of d < 5.0 A, "." denotes other aligned residues)
NADSAW----LE-AQEEEEVGFPVRPQVP--------------LR-PMTYKAALDISHFLKEKGGLEGLIWSQRRQEI----LDLWIYHTQGYFPDWQNYTPGPGIRYPLTFGWCFK--LVPVEPEDAEKEVLVWRFDSKLAFHHMARELHPE--
          .  .:.                           .  .:::: .::::  .     .       .:::     .:: :. .::::: :::         : :  :::.  :.:.:::                             
------GSSGS-SGEG-------------VVEAVACFAYTGRTA-QELSFR-RGDVL--R-----L-------HERA-SSDWWRG-EH-NGMRGL-IPH---------K-Y--ITLPAGTEKQVVG---------------------------AG

