
 **************************************************************************
 *                        TM-align (Version 20190822)                     *
 * An algorithm for protein structure alignment and comparison            *
 * Based on statistics:                                                   *
 *       0.0 < TM-score < 0.30, random structural similarity              *
 *       0.5 < TM-score < 1.00, in about the same fold                    *
 * Reference: Y Zhang and J Skolnick, Nucl Acids Res 33, 2302-9 (2005)    *
 * Please email your comments and suggestions to: zhng@umich.edu          *
 **************************************************************************

Name of Chain_1: ./pdbPF00018/4j9e.pdb                             
Name of Chain_2: ./pdbPF00018/1x6g.pdb                             
Length of Chain_1:   56 residues
Length of Chain_2:   81 residues

Aligned length=   54, RMSD=   1.48, Seq_ID=n_identical/n_aligned= 0.111
TM-score= 0.77387 (if normalized by length of Chain_1)
TM-score= 0.57405 (if normalized by length of Chain_2)
TM-score= 0.66041 (if normalized by average length of chains =  68.5)
(You should use TM-score normalized by length of the reference protein)

(":" denotes aligned residue pairs of d < 5.0 A, "." denotes other aligned residues)
------------------LFVALYDF-VASGDNTLSITKGEKLRVL-GYNHNGEWCEAQT-KN-GQGWVPSAYITPVN-----
                  :::::::: ::::: ::::::::::::: ::::: ::::::: :: ::::::::::::::     
GSSGSSGRMPTRRWAPGTQCITKCEHTRPKPG-ELAFRKGDVVTILEACENK-SWYRVKHHTSGQEGLLAAGALRERSGPSSG

