
 **************************************************************************
 *                        TM-align (Version 20190822)                     *
 * An algorithm for protein structure alignment and comparison            *
 * Based on statistics:                                                   *
 *       0.0 < TM-score < 0.30, random structural similarity              *
 *       0.5 < TM-score < 1.00, in about the same fold                    *
 * Reference: Y Zhang and J Skolnick, Nucl Acids Res 33, 2302-9 (2005)    *
 * Please email your comments and suggestions to: zhng@umich.edu          *
 **************************************************************************

Name of Chain_1: ./pdbPF00018/5ixf.pdb                             
Name of Chain_2: ./pdbPF00018/2oj2.pdb                             
Length of Chain_1:   68 residues
Length of Chain_2:   86 residues

Aligned length=   62, RMSD=   2.17, Seq_ID=n_identical/n_aligned= 0.306
TM-score= 0.71716 (if normalized by length of Chain_1)
TM-score= 0.58963 (if normalized by length of Chain_2)
TM-score= 0.64733 (if normalized by average length of chains =  77.0)
(You should use TM-score normalized by length of the reference protein)

(":" denotes aligned residue pairs of d < 5.0 A, "." denotes other aligned residues)
EIQL--------------------NNKVARKVRALYDFE-AVEDNELTFKHGEIIIVLDDSDANWWKGEN-HR-GIGLFPSDFVTTNL-NIE
                        .:::::::::::::: ::: ::::::::::::::::::: :::::: :: :::::::::::::. ...
----GPLGSPGPNSHNSNTPGIREAGSEDIIVVALYDYEAIHH-EDLSFQKGDQMVVLEESGE-WWKARSLATRKEGYIPSNYVARVDSLET

