
 **************************************************************************
 *                        TM-align (Version 20190822)                     *
 * An algorithm for protein structure alignment and comparison            *
 * Based on statistics:                                                   *
 *       0.0 < TM-score < 0.30, random structural similarity              *
 *       0.5 < TM-score < 1.00, in about the same fold                    *
 * Reference: Y Zhang and J Skolnick, Nucl Acids Res 33, 2302-9 (2005)    *
 * Please email your comments and suggestions to: zhng@umich.edu          *
 **************************************************************************

Name of Chain_1: ./pdbPF00018/5nuh.pdb                             
Name of Chain_2: ./pdbPF00018/5fw9.pdb                             
Length of Chain_1:  126 residues
Length of Chain_2:   57 residues

Aligned length=   34, RMSD=   3.67, Seq_ID=n_identical/n_aligned= 0.059
TM-score= 0.17991 (if normalized by length of Chain_1)
TM-score= 0.29049 (if normalized by length of Chain_2)
TM-score= 0.22427 (if normalized by average length of chains =  91.5)
(You should use TM-score normalized by length of the reference protein)

(":" denotes aligned residue pairs of d < 5.0 A, "." denotes other aligned residues)
RPKVPLRTMSYKLAIDMSHFIKEKG--------GLEGIYYSAR---------RHRILDIYLEKEEGIIPDWQDY-TSG-PGIRYPKTF-GWLWKLVPVNVEDEEHYLMHPAQTSQW-DDPWGEVLAWKFDPTLAYTYEAYVRYPEEF--
                                 .::.               :  :::             ::: ::: :::::::.  :::::::.                :.  :.                              
-------------------------KYLVLALYDYQE------KSPREVTMKK--GDI-------------LTLLNSTNKDWWKVEV-NGRQGFVPA----------------AY-VKY----------------------------LD

