
 **************************************************************************
 *                        TM-align (Version 20190822)                     *
 * An algorithm for protein structure alignment and comparison            *
 * Based on statistics:                                                   *
 *       0.0 < TM-score < 0.30, random structural similarity              *
 *       0.5 < TM-score < 1.00, in about the same fold                    *
 * Reference: Y Zhang and J Skolnick, Nucl Acids Res 33, 2302-9 (2005)    *
 * Please email your comments and suggestions to: zhng@umich.edu          *
 **************************************************************************

Name of Chain_1: ./pdbPF00018/5ul6.pdb                             
Name of Chain_2: ./pdbPF00018/5nuh.pdb                             
Length of Chain_1:   58 residues
Length of Chain_2:  126 residues

Aligned length=   33, RMSD=   3.24, Seq_ID=n_identical/n_aligned= 0.000
TM-score= 0.29483 (if normalized by length of Chain_1)
TM-score= 0.18317 (if normalized by length of Chain_2)
TM-score= 0.22817 (if normalized by average length of chains =  92.0)
(You should use TM-score normalized by length of the reference protein)

(":" denotes aligned residue pairs of d < 5.0 A, "." denotes other aligned residues)
AEYVR--------------------------------ALFDFNGNDEEDLPFKK--G-------------DILRIRDKPEEQWWNAED-S--EGKR-GMI---------------PVPYVEKYR---------------------------
                                     .:::           ::  .             ::::: ::     ::::: :  :::: ::.               :::::.                              
-----RPKVPLRTMSYKLAIDMSHFIKEKGGLEGIYYSARR-----------HRILDIYLEKEEGIIPDWQDYTS-GP-----GIRYPKTFGWLWKLVPVNVEDEEHYLMHPAQTSQWDDP---WGEVLAWKFDPTLAYTYEAYVRYPEEF

