
 **************************************************************************
 *                        TM-align (Version 20190822)                     *
 * An algorithm for protein structure alignment and comparison            *
 * Based on statistics:                                                   *
 *       0.0 < TM-score < 0.30, random structural similarity              *
 *       0.5 < TM-score < 1.00, in about the same fold                    *
 * Reference: Y Zhang and J Skolnick, Nucl Acids Res 33, 2302-9 (2005)    *
 * Please email your comments and suggestions to: zhng@umich.edu          *
 **************************************************************************

Name of Chain_1: ./pdbPF00018/6ipz.pdb                             
Name of Chain_2: ./pdbPF00018/5nuh.pdb                             
Length of Chain_1:   63 residues
Length of Chain_2:  126 residues

Aligned length=   36, RMSD=   4.15, Seq_ID=n_identical/n_aligned= 0.000
TM-score= 0.26895 (if normalized by length of Chain_1)
TM-score= 0.17677 (if normalized by length of Chain_2)
TM-score= 0.21402 (if normalized by average length of chains =  94.5)
(You should use TM-score normalized by length of the reference protein)

(":" denotes aligned residue pairs of d < 5.0 A, "." denotes other aligned residues)
STGVTLFVALYDY-------------------------EAWTED-DL---SF--HK----------G--EKFQILNSSEGDWWEARSLTTGETGYI-----------------P--SNYVAPVDS----------------------------
                                      .:::.  .    ..  ::          :  ::: : .:::   ::::::.::::::.                 :  ::                                   
-------------RPKVPLRTMSYKLAIDMSHFIKEKGGLEGI-YY-SARRHRILDIYLEKEEGIIPDWQDY-T-SGPG---IRYPKTFGWLWKLVPVNVEDEEHYLMHPAQTSQWDD-------PWGEVLAWKFDPTLAYTYEAYVRYPEEF

